android/app/build/intermediates/manifest_merge_blame_file/release/manifest-merger-blame-release-report.txt
1<?xml version="1.0" encoding="utf-8"?>
2<manifest xmlns:android="http://schemas.android.com/apk/res/android"
3    package="app.bodypower.expo"
4    android:versionCode="1"
5    android:versionName="1.0.0" >
6
7    <uses-sdk
8        android:minSdkVersion="21"
8-->src/main/AndroidManifest.xml
9        android:targetSdkVersion="30" />
9-->src/main/AndroidManifest.xml
10
11    <uses-permission android:name="android.permission.INTERNET" />
11-->src/main/AndroidManifest.xml:2:3-64
11-->src/main/AndroidManifest.xml:2:20-62
12    <uses-permission android:name="android.permission.READ_EXTERNAL_STORAGE" />
12-->src/main/AndroidManifest.xml:3:3-77
12-->src/main/AndroidManifest.xml:3:20-75
13    <uses-permission android:name="android.permission.RECEIVE_BOOT_COMPLETED" />
13-->src/main/AndroidManifest.xml:4:3-78
13-->src/main/AndroidManifest.xml:4:20-76
14    <uses-permission android:name="android.permission.SYSTEM_ALERT_WINDOW" />
14-->src/main/AndroidManifest.xml:5:3-75
14-->src/main/AndroidManifest.xml:5:20-73
15    <uses-permission android:name="android.permission.VIBRATE" />
15-->src/main/AndroidManifest.xml:6:3-63
15-->src/main/AndroidManifest.xml:6:20-61
16    <uses-permission android:name="android.permission.WAKE_LOCK" />
16-->src/main/AndroidManifest.xml:7:3-65
16-->src/main/AndroidManifest.xml:7:20-63
17    <uses-permission android:name="android.permission.WRITE_EXTERNAL_STORAGE" />
17-->src/main/AndroidManifest.xml:8:3-78
17-->src/main/AndroidManifest.xml:8:20-76
18
19    <queries>
19-->src/main/AndroidManifest.xml:9:3-15:13
20        <intent>
20-->src/main/AndroidManifest.xml:10:5-14:14
21            <action android:name="android.intent.action.VIEW" />
21-->src/main/AndroidManifest.xml:11:7-58
21-->src/main/AndroidManifest.xml:11:15-56
22
23            <category android:name="android.intent.category.BROWSABLE" />
23-->src/main/AndroidManifest.xml:12:7-67
23-->src/main/AndroidManifest.xml:12:17-65
24
25            <data android:scheme="https" />
25-->src/main/AndroidManifest.xml:13:7-37
25-->src/main/AndroidManifest.xml:13:13-35
26        </intent>
27        <!-- Query open documents -->
28        <intent>
28-->[:expo-file-system] AndroidManifest.xml:19:9-21:18
29            <action android:name="android.intent.action.OPEN_DOCUMENT_TREE" />
29-->[:expo-file-system] AndroidManifest.xml:20:13-79
29-->[:expo-file-system] AndroidManifest.xml:20:21-76
30        </intent>
31        <intent>
31-->[:expo-web-browser] AndroidManifest.xml:12:9-16:18
32
33            <!-- Required for opening tabs if targeting API 30 -->
34            <action android:name="android.support.customtabs.action.CustomTabsService" />
34-->[:expo-web-browser] AndroidManifest.xml:15:13-90
34-->[:expo-web-browser] AndroidManifest.xml:15:21-87
35        </intent>
36    </queries>
37
38    <uses-permission android:name="android.permission.ACCESS_COARSE_LOCATION" />
38-->[:react-native-maps] AndroidManifest.xml:10:5-81
38-->[:react-native-maps] AndroidManifest.xml:10:22-78
39    <uses-permission android:name="android.permission.ACCESS_NETWORK_STATE" />
39-->[:react-native-community_netinfo] AndroidManifest.xml:9:5-79
39-->[:react-native-community_netinfo] AndroidManifest.xml:9:22-76
40    <uses-permission android:name="android.permission.ACCESS_WIFI_STATE" /> <!-- Required to access Google Play Licensing -->
40-->[:react-native-community_netinfo] AndroidManifest.xml:10:5-76
40-->[:react-native-community_netinfo] AndroidManifest.xml:10:22-73
41    <uses-permission android:name="com.android.vending.CHECK_LICENSE" />
41-->[:rn-fetch-blob] AndroidManifest.xml:12:5-73
41-->[:rn-fetch-blob] AndroidManifest.xml:12:22-70
42
43    <uses-feature
43-->[com.google.android.gms:play-services-maps:17.0.0] AndroidManifest.xml:26:5-28:35
44        android:glEsVersion="0x00020000"
44-->[com.google.android.gms:play-services-maps:17.0.0] AndroidManifest.xml:27:9-41
45        android:required="true" />
45-->[com.google.android.gms:play-services-maps:17.0.0] AndroidManifest.xml:28:9-32
46
47    <uses-permission android:name="com.google.android.finsky.permission.BIND_GET_INSTALL_REFERRER_SERVICE" />
47-->[com.android.installreferrer:installreferrer:1.0] AndroidManifest.xml:9:5-110
47-->[com.android.installreferrer:installreferrer:1.0] AndroidManifest.xml:9:22-107
48
49    <application
49-->src/main/AndroidManifest.xml:16:3-38:17
50        android:name="expo.bodypower.com.MainApplication"
50-->src/main/AndroidManifest.xml:16:16-47
51        android:allowBackup="true"
51-->src/main/AndroidManifest.xml:16:162-188
52        android:appComponentFactory="androidx.core.app.CoreComponentFactory"
52-->[androidx.core:core:1.3.0] AndroidManifest.xml:24:18-86
53        android:icon="@mipmap/ic_launcher"
53-->src/main/AndroidManifest.xml:16:81-115
54        android:label="@string/app_name"
54-->src/main/AndroidManifest.xml:16:48-80
55        android:roundIcon="@mipmap/ic_launcher_round"
55-->src/main/AndroidManifest.xml:16:116-161
56        android:theme="@style/AppTheme"
56-->src/main/AndroidManifest.xml:16:189-220
57        android:usesCleartextTraffic="true" >
57-->src/main/AndroidManifest.xml:16:221-256
58        <meta-data
58-->src/main/AndroidManifest.xml:17:5-119
59            android:name="com.google.android.geo.API_KEY"
59-->src/main/AndroidManifest.xml:17:16-61
60            android:value="AIzaSyD3_I3PBXR815iYqkLJhiapEUfKORSFmWA" />
60-->src/main/AndroidManifest.xml:17:62-117
61        <meta-data
61-->src/main/AndroidManifest.xml:18:5-82
62            android:name="expo.modules.updates.ENABLED"
62-->src/main/AndroidManifest.xml:18:16-59
63            android:value="true" />
63-->src/main/AndroidManifest.xml:18:60-80
64        <meta-data
64-->src/main/AndroidManifest.xml:19:5-93
65            android:name="expo.modules.updates.EXPO_SDK_VERSION"
65-->src/main/AndroidManifest.xml:19:16-68
66            android:value="43.0.0" />
66-->src/main/AndroidManifest.xml:19:69-91
67        <meta-data
67-->src/main/AndroidManifest.xml:20:5-105
68            android:name="expo.modules.updates.EXPO_UPDATES_CHECK_ON_LAUNCH"
68-->src/main/AndroidManifest.xml:20:16-80
69            android:value="ALWAYS" />
69-->src/main/AndroidManifest.xml:20:81-103
70        <meta-data
70-->src/main/AndroidManifest.xml:21:5-99
71            android:name="expo.modules.updates.EXPO_UPDATES_LAUNCH_WAIT_MS"
71-->src/main/AndroidManifest.xml:21:16-79
72            android:value="0" />
72-->src/main/AndroidManifest.xml:21:80-97
73        <meta-data
73-->src/main/AndroidManifest.xml:22:5-123
74            android:name="expo.modules.updates.EXPO_UPDATE_URL"
74-->src/main/AndroidManifest.xml:22:16-67
75            android:value="https://exp.host/@shashisrun/bpuktabs" />
75-->src/main/AndroidManifest.xml:22:68-121
76
77        <activity
77-->src/main/AndroidManifest.xml:23:5-35:16
78            android:name="expo.bodypower.com.MainActivity"
78-->src/main/AndroidManifest.xml:23:15-43
79            android:configChanges="keyboard|keyboardHidden|orientation|screenSize|uiMode"
79-->src/main/AndroidManifest.xml:23:77-154
80            android:label="@string/app_name"
80-->src/main/AndroidManifest.xml:23:44-76
81            android:launchMode="singleTask"
81-->src/main/AndroidManifest.xml:23:155-186
82            android:screenOrientation="portrait"
82-->src/main/AndroidManifest.xml:23:276-312
83            android:theme="@style/Theme.App.SplashScreen"
83-->src/main/AndroidManifest.xml:23:230-275
84            android:windowSoftInputMode="adjustResize" >
84-->src/main/AndroidManifest.xml:23:187-229
85            <intent-filter>
85-->src/main/AndroidManifest.xml:24:7-27:23
86                <action android:name="android.intent.action.MAIN" />
86-->src/main/AndroidManifest.xml:25:9-60
86-->src/main/AndroidManifest.xml:25:17-58
87
88                <category android:name="android.intent.category.LAUNCHER" />
88-->src/main/AndroidManifest.xml:26:9-68
88-->src/main/AndroidManifest.xml:26:19-66
89            </intent-filter>
90            <intent-filter>
90-->src/main/AndroidManifest.xml:28:7-34:23
91                <action android:name="android.intent.action.VIEW" />
91-->src/main/AndroidManifest.xml:11:7-58
91-->src/main/AndroidManifest.xml:11:15-56
92
93                <category android:name="android.intent.category.DEFAULT" />
93-->src/main/AndroidManifest.xml:30:9-67
93-->src/main/AndroidManifest.xml:30:19-65
94                <category android:name="android.intent.category.BROWSABLE" />
94-->src/main/AndroidManifest.xml:12:7-67
94-->src/main/AndroidManifest.xml:12:17-65
95
96                <data android:scheme="myapp" />
96-->src/main/AndroidManifest.xml:13:7-37
96-->src/main/AndroidManifest.xml:13:13-35
97                <data android:scheme="expo.bodypower.com" />
97-->src/main/AndroidManifest.xml:13:7-37
97-->src/main/AndroidManifest.xml:13:13-35
98            </intent-filter>
99        </activity>
100        <activity android:name="com.facebook.react.devsupport.DevSettingsActivity" />
100-->src/main/AndroidManifest.xml:36:5-81
100-->src/main/AndroidManifest.xml:36:15-79
101
102        <uses-library
102-->src/main/AndroidManifest.xml:37:5-83
103            android:name="org.apache.http.legacy"
103-->src/main/AndroidManifest.xml:37:19-56
104            android:required="false" />
104-->src/main/AndroidManifest.xml:37:57-81
105
106        <provider
106-->[:react-native-webview] AndroidManifest.xml:12:9-20:20
107            android:name="com.reactnativecommunity.webview.RNCWebViewFileProvider"
107-->[:react-native-webview] AndroidManifest.xml:13:13-83
108            android:authorities="app.bodypower.expo.fileprovider"
108-->[:react-native-webview] AndroidManifest.xml:14:13-64
109            android:exported="false"
109-->[:react-native-webview] AndroidManifest.xml:15:13-37
110            android:grantUriPermissions="true" >
110-->[:react-native-webview] AndroidManifest.xml:16:13-47
111            <meta-data
111-->[:react-native-webview] AndroidManifest.xml:17:13-19:63
112                android:name="android.support.FILE_PROVIDER_PATHS"
112-->[:react-native-webview] AndroidManifest.xml:18:17-67
113                android:resource="@xml/file_provider_paths" />
113-->[:react-native-webview] AndroidManifest.xml:19:17-60
114        </provider>
115        <provider
115-->[:rn-fetch-blob] AndroidManifest.xml:36:9-44:20
116            android:name="com.RNFetchBlob.Utils.FileProvider"
116-->[:rn-fetch-blob] AndroidManifest.xml:37:13-62
117            android:authorities="app.bodypower.expo.provider"
117-->[:rn-fetch-blob] AndroidManifest.xml:38:13-60
118            android:exported="false"
118-->[:rn-fetch-blob] AndroidManifest.xml:39:13-37
119            android:grantUriPermissions="true" >
119-->[:rn-fetch-blob] AndroidManifest.xml:40:13-47
120            <meta-data
120-->[:react-native-webview] AndroidManifest.xml:17:13-19:63
121                android:name="android.support.FILE_PROVIDER_PATHS"
121-->[:react-native-webview] AndroidManifest.xml:18:17-67
122                android:resource="@xml/provider_paths" />
122-->[:react-native-webview] AndroidManifest.xml:19:17-60
123        </provider>
124        <provider
124-->[:expo-file-system] AndroidManifest.xml:25:9-34:20
125            android:name="expo.modules.filesystem.FileSystemFileProvider"
125-->[:expo-file-system] AndroidManifest.xml:26:13-74
126            android:authorities="app.bodypower.expo.FileSystemFileProvider"
126-->[:expo-file-system] AndroidManifest.xml:27:13-74
127            android:exported="false"
127-->[:expo-file-system] AndroidManifest.xml:28:13-37
128            android:grantUriPermissions="true" >
128-->[:expo-file-system] AndroidManifest.xml:29:13-47
129            <meta-data
129-->[:react-native-webview] AndroidManifest.xml:17:13-19:63
130                android:name="android.support.FILE_PROVIDER_PATHS"
130-->[:react-native-webview] AndroidManifest.xml:18:17-67
131                android:resource="@xml/file_system_provider_paths" />
131-->[:react-native-webview] AndroidManifest.xml:19:17-60
132        </provider>
133
134        <receiver
134-->[:expo-task-manager] AndroidManifest.xml:12:9-20:20
135            android:name="expo.modules.taskManager.TaskBroadcastReceiver"
135-->[:expo-task-manager] AndroidManifest.xml:13:13-74
136            android:exported="false" >
136-->[:expo-task-manager] AndroidManifest.xml:14:13-37
137            <intent-filter>
137-->[:expo-task-manager] AndroidManifest.xml:15:13-19:29
138                <action android:name="expo.modules.taskManager.TaskBroadcastReceiver.INTENT_ACTION" />
138-->[:expo-task-manager] AndroidManifest.xml:16:17-103
138-->[:expo-task-manager] AndroidManifest.xml:16:25-100
139                <action android:name="android.intent.action.BOOT_COMPLETED" />
139-->[:expo-task-manager] AndroidManifest.xml:17:17-79
139-->[:expo-task-manager] AndroidManifest.xml:17:25-76
140                <action android:name="android.intent.action.MY_PACKAGE_REPLACED" />
140-->[:expo-task-manager] AndroidManifest.xml:18:17-84
140-->[:expo-task-manager] AndroidManifest.xml:18:25-81
141            </intent-filter>
142        </receiver>
143
144        <service
144-->[:expo-task-manager] AndroidManifest.xml:22:9-26:72
145            android:name="expo.modules.taskManager.TaskJobService"
145-->[:expo-task-manager] AndroidManifest.xml:23:13-67
146            android:enabled="true"
146-->[:expo-task-manager] AndroidManifest.xml:24:13-35
147            android:exported="false"
147-->[:expo-task-manager] AndroidManifest.xml:25:13-37
148            android:permission="android.permission.BIND_JOB_SERVICE" />
148-->[:expo-task-manager] AndroidManifest.xml:26:13-69
149
150        <meta-data
150-->[:expo-task-manager] AndroidManifest.xml:28:9-30:36
151            android:name="expo.modules.taskManager.oneAppId"
151-->[:expo-task-manager] AndroidManifest.xml:29:13-61
152            android:value="true" />
152-->[:expo-task-manager] AndroidManifest.xml:30:13-33
153        <meta-data
153-->[:expo-modules-core] AndroidManifest.xml:12:9-14:89
154            android:name="org.unimodules.core.AppLoader#react-native-headless"
154-->[:expo-modules-core] AndroidManifest.xml:13:13-79
155            android:value="expo.modules.adapters.react.apploader.RNHeadlessAppLoader" />
155-->[:expo-modules-core] AndroidManifest.xml:14:13-86
156
157        <activity
157-->[com.google.android.gms:play-services-base:17.0.0] AndroidManifest.xml:23:9-26:75
158            android:name="com.google.android.gms.common.api.GoogleApiActivity"
158-->[com.google.android.gms:play-services-base:17.0.0] AndroidManifest.xml:24:13-79
159            android:exported="false"
159-->[com.google.android.gms:play-services-base:17.0.0] AndroidManifest.xml:25:13-37
160            android:theme="@android:style/Theme.Translucent.NoTitleBar" />
160-->[com.google.android.gms:play-services-base:17.0.0] AndroidManifest.xml:26:13-72
161
162        <meta-data
162-->[com.google.maps.android:android-maps-utils:0.5] AndroidManifest.xml:8:9-10:69
163            android:name="com.google.android.gms.version"
163-->[com.google.maps.android:android-maps-utils:0.5] AndroidManifest.xml:9:13-58
164            android:value="@integer/google_play_services_version" />
164-->[com.google.maps.android:android-maps-utils:0.5] AndroidManifest.xml:10:13-66
165
166        <service
166-->[androidx.room:room-runtime:2.1.0] AndroidManifest.xml:25:9-27:40
167            android:name="androidx.room.MultiInstanceInvalidationService"
167-->[androidx.room:room-runtime:2.1.0] AndroidManifest.xml:26:13-74
168            android:exported="false" />
168-->[androidx.room:room-runtime:2.1.0] AndroidManifest.xml:27:13-37
169    </application>
170
171</manifest>